<?xml version="1.0" encoding="UTF-8"?>
<testsuite name="com.amp.managed.ws.controller.test.AmazonServiceControllerTest" tests="5" skipped="5" failures="0" errors="0" timestamp="2020-07-20T17:04:53" hostname="CAW1PF16H7PB" time="0.001">
  <properties/>
  <testcase name="testSayHello" classname="com.amp.managed.ws.controller.test.AmazonServiceControllerTest" time="0.0">
    <skipped/>
  </testcase>
  <testcase name="browseNodeLookup" classname="com.amp.managed.ws.controller.test.AmazonServiceControllerTest" time="0.0">
    <skipped/>
  </testcase>
  <testcase name="itemSearch1" classname="com.amp.managed.ws.controller.test.AmazonServiceControllerTest" time="0.0">
    <skipped/>
  </testcase>
  <testcase name="itemSearch2" classname="com.amp.managed.ws.controller.test.AmazonServiceControllerTest" time="0.0">
    <skipped/>
  </testcase>
  <testcase name="itemLookup" classname="com.amp.managed.ws.controller.test.AmazonServiceControllerTest" time="0.0">
    <skipped/>
  </testcase>
  <system-out><![CDATA[]]></system-out>
  <system-err><![CDATA[]]></system-err>
</testsuite>
